2017-10-14 20:32:43,350 [Worker-0] INFO  c.g.t.t.d.PublishedGradleVersions - Gradle version information cache is not available. Remote download required.
2017-10-14 20:35:03,794 [Worker-5] INFO  c.g.t.t.d.PublishedGradleVersions - Gradle version information cache is up-to-date. Trying to read.
2017-10-14 20:35:26,687 [Start Help Server] INFO  org.eclipse.jetty.util.log - Logging initialized @36077ms to org.eclipse.jetty.util.log.Slf4jLog
2017-10-14 20:35:26,780 [Start Help Server] INFO  org.eclipse.jetty.server.Server - jetty-9.4.5.v20170502
2017-10-14 20:35:26,799 [Start Help Server] INFO  org.eclipse.jetty.server.session - DefaultSessionIdManager workerName=node0
2017-10-14 20:35:26,799 [Start Help Server] INFO  org.eclipse.jetty.server.session - No SessionScavenger set, using defaults
2017-10-14 20:35:26,800 [Start Help Server] INFO  org.eclipse.jetty.server.session - Scavenging every 660000ms
2017-10-14 20:35:26,823 [Start Help Server] INFO  o.e.j.server.handler.ContextHandler - Started o.e.j.s.ServletContextHandler@10af6f79{/help,null,AVAILABLE}
2017-10-14 20:35:26,834 [Start Help Server] INFO  o.e.jetty.server.AbstractConnector - Started ServerConnector@4c33a675{HTTP/1.1,[http/1.1]}{127.0.0.1:50149}
2017-10-14 20:35:26,835 [Start Help Server] INFO  org.eclipse.jetty.server.Server - Started @36225ms
2017-10-14 20:56:21,706 [Stop Help Server] INFO  o.e.jetty.server.AbstractConnector - Stopped ServerConnector@4c33a675{HTTP/1.1,[http/1.1]}{127.0.0.1:0}
2017-10-14 20:56:21,707 [Stop Help Server] INFO  org.eclipse.jetty.server.session - Stopped scavenging
2017-10-14 20:56:21,726 [Stop Help Server] INFO  o.e.j.server.handler.ContextHandler - Stopped o.e.j.s.ServletContextHandler@10af6f79{/help,null,UNAVAILABLE}
2017-10-14 20:56:41,596 [Worker-6] INFO  c.g.t.t.d.PublishedGradleVersions - Gradle version information cache is up-to-date. Trying to read.
2017-10-15 11:27:01,117 [Worker-1] INFO  c.g.t.t.d.PublishedGradleVersions - Gradle version information cache is up-to-date. Trying to read.
2017-10-15 11:29:17,180 [Worker-1] INFO  c.g.t.t.d.PublishedGradleVersions - Gradle version information cache is up-to-date. Trying to read.
2017-10-15 11:38:21,448 [Worker-7] INFO  c.g.t.t.d.PublishedGradleVersions - Gradle version information cache is up-to-date. Trying to read.
2017-10-15 15:13:32,312 [Worker-6] INFO  c.g.t.t.d.PublishedGradleVersions - Gradle version information cache is up-to-date. Trying to read.
2017-10-15 16:23:28,949 [Worker-1] INFO  c.g.t.t.d.PublishedGradleVersions - Gradle version information cache is up-to-date. Trying to read.
2017-10-15 16:34:44,255 [Worker-6] INFO  c.g.t.t.d.PublishedGradleVersions - Gradle version information cache is up-to-date. Trying to read.
2017-10-16 21:25:02,689 [Worker-5] INFO  c.g.t.t.d.PublishedGradleVersions - Gradle version information cache is out-of-date. Trying to update.
